10:33:38 INFO  : Registering command handlers for SDK TCF services
10:33:38 INFO  : Launching XSCT server: xsct.bat -interactive C:\Designs\komo\mikro_lab1\mikro_lab1.sdk\temp_xsdb_launch_script.tcl
10:33:41 INFO  : XSCT server has started successfully.
10:33:43 INFO  : Successfully done setting XSCT server connection channel  
10:33:43 INFO  : Successfully done setting SDK workspace  
10:33:43 INFO  : Processing command line option -hwspec C:/Designs/komo/mikro_lab1/mikro_lab1.sdk/microprocessor_block_wrapper.hdf.
10:38:07 INFO  : Connected to target on host '127.0.0.1' and port '3121'.
10:38:33 INFO  : Connected to target on host '127.0.0.1' and port '3121'.
10:38:47 INFO  : Connected to target on host '127.0.0.1' and port '3121'.
10:39:01 INFO  : Connected to target on host '127.0.0.1' and port '3121'.
10:40:56 INFO  : Connected to target on host '127.0.0.1' and port '3121'.
10:41:07 INFO  : Connected to target on host '127.0.0.1' and port '3121'.
10:41:12 INFO  : Connected to target on host '127.0.0.1' and port '3121'.
10:41:56 INFO  : Connected to target on host '127.0.0.1' and port '3121'.
10:42:05 INFO  : 'targets -set -filter {jtag_cable_name =~ "Digilent Zybo Z7 210351A82522A" && level==0} -index 1' command is executed.
10:42:07 INFO  : FPGA configured successfully with bitstream "C:/Designs/komo/mikro_lab1/mikro_lab1.sdk/microprocessor_block_wrapper_hw_platform_0/microprocessor_block_wrapper.bit"
10:43:26 INFO  : 'targets -set -filter {jtag_cable_name =~ "Digilent Zybo Z7 210351A82522A" && level==0} -index 1' command is executed.
10:43:26 INFO  : 'fpga -state' command is executed.
10:43:26 INFO  : Connected to target on host '127.0.0.1' and port '3121'.
10:44:20 INFO  : Jtag cable 'Digilent Zybo Z7 210351A82522A' is selected.
10:44:20 INFO  : 'jtag frequency' command is executed.
10:44:20 INFO  : Sourcing of 'C:/Designs/komo/mikro_lab1/mikro_lab1.sdk/microprocessor_block_wrapper_hw_platform_0/ps7_init.tcl' is done.
10:44:20 INFO  : Context for 'APU' is selected.
10:44:20 INFO  : Hardware design information is loaded from 'C:/Designs/komo/mikro_lab1/mikro_lab1.sdk/microprocessor_block_wrapper_hw_platform_0/system.hdf'.
10:44:20 INFO  : 'configparams force-mem-access 1' command is executed.
10:44:20 INFO  : Context for 'APU' is selected.
10:44:20 INFO  : 'stop' command is executed.
10:44:20 INFO  : 'ps7_init' command is executed.
10:44:20 INFO  : 'ps7_post_config' command is executed.
10:44:20 INFO  : Context for processor 'ps7_cortexa9_0' is selected.
10:44:20 INFO  : Processor reset is completed for 'ps7_cortexa9_0'.
10:44:20 INFO  : Context for processor 'ps7_cortexa9_0' is selected.
10:44:21 INFO  : The application 'C:/Designs/komo/mikro_lab1/mikro_lab1.sdk/lab1/Debug/lab1.elf' is downloaded to processor 'ps7_cortexa9_0'.
10:44:21 INFO  : 'configparams force-mem-access 0' command is executed.
10:44:21 INFO  : ----------------XSDB Script----------------
connect -url tcp:127.0.0.1:3121
source C:/Designs/komo/mikro_lab1/mikro_lab1.sdk/microprocessor_block_wrapper_hw_platform_0/ps7_init.tcl
targets -set -nocase -filter {name =~"APU*" && jtag_cable_name =~ "Digilent Zybo Z7 210351A82522A"} -index 0
loadhw -hw C:/Designs/komo/mikro_lab1/mikro_lab1.sdk/microprocessor_block_wrapper_hw_platform_0/system.hdf -mem-ranges [list {0x40000000 0xbfffffff}]
configparams force-mem-access 1
targets -set -nocase -filter {name =~"APU*" && jtag_cable_name =~ "Digilent Zybo Z7 210351A82522A"} -index 0
stop
ps7_init
ps7_post_config
targets -set -nocase -filter {name =~ "ARM*#0" && jtag_cable_name =~ "Digilent Zybo Z7 210351A82522A"} -index 0
rst -processor
targets -set -nocase -filter {name =~ "ARM*#0" && jtag_cable_name =~ "Digilent Zybo Z7 210351A82522A"} -index 0
dow C:/Designs/komo/mikro_lab1/mikro_lab1.sdk/lab1/Debug/lab1.elf
configparams force-mem-access 0
----------------End of Script----------------

10:44:21 INFO  : Memory regions updated for context APU
10:44:21 INFO  : Context for processor 'ps7_cortexa9_0' is selected.
10:44:21 INFO  : 'con' command is executed.
10:44:21 INFO  : ----------------XSDB Script (After Launch)----------------
targets -set -nocase -filter {name =~ "ARM*#0" && jtag_cable_name =~ "Digilent Zybo Z7 210351A82522A"} -index 0
con
----------------End of Script----------------

10:44:21 INFO  : Launch script is exported to file 'C:\Designs\komo\mikro_lab1\mikro_lab1.sdk\.sdk\launch_scripts\xilinx_c-c++_application_(system_debugger)\system_debugger_using_debug_lab1.elf_on_local.tcl'
10:48:53 INFO  : Disconnected from the channel tcfchan#1.
10:49:03 INFO  : 'targets -set -filter {jtag_cable_name =~ "Digilent Zybo Z7 210351A82522A" && level==0} -index 1' command is executed.
10:49:03 INFO  : 'fpga -state' command is executed.
10:49:03 INFO  : Connected to target on host '127.0.0.1' and port '3121'.
10:49:58 INFO  : Jtag cable 'Digilent Zybo Z7 210351A82522A' is selected.
10:49:58 INFO  : 'jtag frequency' command is executed.
10:49:58 INFO  : Sourcing of 'C:/Designs/komo/mikro_lab1/mikro_lab1.sdk/microprocessor_block_wrapper_hw_platform_0/ps7_init.tcl' is done.
10:49:58 INFO  : Context for 'APU' is selected.
10:49:58 INFO  : Hardware design information is loaded from 'C:/Designs/komo/mikro_lab1/mikro_lab1.sdk/microprocessor_block_wrapper_hw_platform_0/system.hdf'.
10:49:58 INFO  : 'configparams force-mem-access 1' command is executed.
10:49:58 INFO  : Context for 'APU' is selected.
10:49:58 INFO  : 'stop' command is executed.
10:49:59 INFO  : 'ps7_init' command is executed.
10:49:59 INFO  : 'ps7_post_config' command is executed.
10:49:59 INFO  : Context for processor 'ps7_cortexa9_0' is selected.
10:49:59 INFO  : Processor reset is completed for 'ps7_cortexa9_0'.
10:49:59 INFO  : Context for processor 'ps7_cortexa9_0' is selected.
10:49:59 INFO  : The application 'C:/Designs/komo/mikro_lab1/mikro_lab1.sdk/lab1/Debug/lab1.elf' is downloaded to processor 'ps7_cortexa9_0'.
10:49:59 INFO  : 'configparams force-mem-access 0' command is executed.
10:49:59 INFO  : ----------------XSDB Script----------------
connect -url tcp:127.0.0.1:3121
source C:/Designs/komo/mikro_lab1/mikro_lab1.sdk/microprocessor_block_wrapper_hw_platform_0/ps7_init.tcl
targets -set -nocase -filter {name =~"APU*" && jtag_cable_name =~ "Digilent Zybo Z7 210351A82522A"} -index 0
loadhw -hw C:/Designs/komo/mikro_lab1/mikro_lab1.sdk/microprocessor_block_wrapper_hw_platform_0/system.hdf -mem-ranges [list {0x40000000 0xbfffffff}]
configparams force-mem-access 1
targets -set -nocase -filter {name =~"APU*" && jtag_cable_name =~ "Digilent Zybo Z7 210351A82522A"} -index 0
stop
ps7_init
ps7_post_config
targets -set -nocase -filter {name =~ "ARM*#0" && jtag_cable_name =~ "Digilent Zybo Z7 210351A82522A"} -index 0
rst -processor
targets -set -nocase -filter {name =~ "ARM*#0" && jtag_cable_name =~ "Digilent Zybo Z7 210351A82522A"} -index 0
dow C:/Designs/komo/mikro_lab1/mikro_lab1.sdk/lab1/Debug/lab1.elf
configparams force-mem-access 0
----------------End of Script----------------

10:49:59 INFO  : Memory regions updated for context APU
10:49:59 INFO  : Context for processor 'ps7_cortexa9_0' is selected.
10:49:59 INFO  : 'con' command is executed.
10:49:59 INFO  : ----------------XSDB Script (After Launch)----------------
targets -set -nocase -filter {name =~ "ARM*#0" && jtag_cable_name =~ "Digilent Zybo Z7 210351A82522A"} -index 0
con
----------------End of Script----------------

10:49:59 INFO  : Launch script is exported to file 'C:\Designs\komo\mikro_lab1\mikro_lab1.sdk\.sdk\launch_scripts\xilinx_c-c++_application_(system_debugger)\system_debugger_using_debug_lab1.elf_on_local.tcl'
10:59:46 INFO  : Disconnected from the channel tcfchan#2.
10:59:56 INFO  : 'targets -set -filter {jtag_cable_name =~ "Digilent Zybo Z7 210351A82522A" && level==0} -index 1' command is executed.
10:59:56 INFO  : 'fpga -state' command is executed.
10:59:56 INFO  : Connected to target on host '127.0.0.1' and port '3121'.
11:00:50 INFO  : Jtag cable 'Digilent Zybo Z7 210351A82522A' is selected.
11:00:50 INFO  : 'jtag frequency' command is executed.
11:00:50 INFO  : Sourcing of 'C:/Designs/komo/mikro_lab1/mikro_lab1.sdk/microprocessor_block_wrapper_hw_platform_0/ps7_init.tcl' is done.
11:00:50 INFO  : Context for 'APU' is selected.
11:00:51 INFO  : Hardware design information is loaded from 'C:/Designs/komo/mikro_lab1/mikro_lab1.sdk/microprocessor_block_wrapper_hw_platform_0/system.hdf'.
11:00:51 INFO  : 'configparams force-mem-access 1' command is executed.
11:00:51 INFO  : Context for 'APU' is selected.
11:00:51 INFO  : 'stop' command is executed.
11:00:51 INFO  : 'ps7_init' command is executed.
11:00:51 INFO  : 'ps7_post_config' command is executed.
11:00:51 INFO  : Context for processor 'ps7_cortexa9_0' is selected.
11:00:51 INFO  : Processor reset is completed for 'ps7_cortexa9_0'.
11:00:51 INFO  : Context for processor 'ps7_cortexa9_0' is selected.
11:00:52 INFO  : The application 'C:/Designs/komo/mikro_lab1/mikro_lab1.sdk/lab1/Debug/lab1.elf' is downloaded to processor 'ps7_cortexa9_0'.
11:00:52 INFO  : 'configparams force-mem-access 0' command is executed.
11:00:52 INFO  : ----------------XSDB Script----------------
connect -url tcp:127.0.0.1:3121
source C:/Designs/komo/mikro_lab1/mikro_lab1.sdk/microprocessor_block_wrapper_hw_platform_0/ps7_init.tcl
targets -set -nocase -filter {name =~"APU*" && jtag_cable_name =~ "Digilent Zybo Z7 210351A82522A"} -index 0
loadhw -hw C:/Designs/komo/mikro_lab1/mikro_lab1.sdk/microprocessor_block_wrapper_hw_platform_0/system.hdf -mem-ranges [list {0x40000000 0xbfffffff}]
configparams force-mem-access 1
targets -set -nocase -filter {name =~"APU*" && jtag_cable_name =~ "Digilent Zybo Z7 210351A82522A"} -index 0
stop
ps7_init
ps7_post_config
targets -set -nocase -filter {name =~ "ARM*#0" && jtag_cable_name =~ "Digilent Zybo Z7 210351A82522A"} -index 0
rst -processor
targets -set -nocase -filter {name =~ "ARM*#0" && jtag_cable_name =~ "Digilent Zybo Z7 210351A82522A"} -index 0
dow C:/Designs/komo/mikro_lab1/mikro_lab1.sdk/lab1/Debug/lab1.elf
configparams force-mem-access 0
----------------End of Script----------------

11:00:52 INFO  : Memory regions updated for context APU
11:00:52 INFO  : Context for processor 'ps7_cortexa9_0' is selected.
11:00:52 INFO  : 'con' command is executed.
11:00:52 INFO  : ----------------XSDB Script (After Launch)----------------
targets -set -nocase -filter {name =~ "ARM*#0" && jtag_cable_name =~ "Digilent Zybo Z7 210351A82522A"} -index 0
con
----------------End of Script----------------

11:00:52 INFO  : Launch script is exported to file 'C:\Designs\komo\mikro_lab1\mikro_lab1.sdk\.sdk\launch_scripts\xilinx_c-c++_application_(system_debugger)\system_debugger_using_debug_lab1.elf_on_local.tcl'
11:02:38 INFO  : Disconnected from the channel tcfchan#3.
11:02:48 INFO  : 'targets -set -filter {jtag_cable_name =~ "Digilent Zybo Z7 210351A82522A" && level==0} -index 1' command is executed.
11:02:49 INFO  : 'fpga -state' command is executed.
11:02:49 INFO  : Connected to target on host '127.0.0.1' and port '3121'.
11:03:43 INFO  : Jtag cable 'Digilent Zybo Z7 210351A82522A' is selected.
11:03:43 INFO  : 'jtag frequency' command is executed.
11:03:43 INFO  : Sourcing of 'C:/Designs/komo/mikro_lab1/mikro_lab1.sdk/microprocessor_block_wrapper_hw_platform_0/ps7_init.tcl' is done.
11:03:43 INFO  : Context for 'APU' is selected.
11:03:44 INFO  : Hardware design information is loaded from 'C:/Designs/komo/mikro_lab1/mikro_lab1.sdk/microprocessor_block_wrapper_hw_platform_0/system.hdf'.
11:03:44 INFO  : 'configparams force-mem-access 1' command is executed.
11:03:44 INFO  : Context for 'APU' is selected.
11:03:44 INFO  : 'stop' command is executed.
11:03:44 INFO  : 'ps7_init' command is executed.
11:03:44 INFO  : 'ps7_post_config' command is executed.
11:03:44 INFO  : Context for processor 'ps7_cortexa9_0' is selected.
11:03:44 INFO  : Processor reset is completed for 'ps7_cortexa9_0'.
11:03:44 INFO  : Context for processor 'ps7_cortexa9_0' is selected.
11:03:44 INFO  : The application 'C:/Designs/komo/mikro_lab1/mikro_lab1.sdk/lab1/Debug/lab1.elf' is downloaded to processor 'ps7_cortexa9_0'.
11:03:44 INFO  : 'configparams force-mem-access 0' command is executed.
11:03:44 INFO  : ----------------XSDB Script----------------
connect -url tcp:127.0.0.1:3121
source C:/Designs/komo/mikro_lab1/mikro_lab1.sdk/microprocessor_block_wrapper_hw_platform_0/ps7_init.tcl
targets -set -nocase -filter {name =~"APU*" && jtag_cable_name =~ "Digilent Zybo Z7 210351A82522A"} -index 0
loadhw -hw C:/Designs/komo/mikro_lab1/mikro_lab1.sdk/microprocessor_block_wrapper_hw_platform_0/system.hdf -mem-ranges [list {0x40000000 0xbfffffff}]
configparams force-mem-access 1
targets -set -nocase -filter {name =~"APU*" && jtag_cable_name =~ "Digilent Zybo Z7 210351A82522A"} -index 0
stop
ps7_init
ps7_post_config
targets -set -nocase -filter {name =~ "ARM*#0" && jtag_cable_name =~ "Digilent Zybo Z7 210351A82522A"} -index 0
rst -processor
targets -set -nocase -filter {name =~ "ARM*#0" && jtag_cable_name =~ "Digilent Zybo Z7 210351A82522A"} -index 0
dow C:/Designs/komo/mikro_lab1/mikro_lab1.sdk/lab1/Debug/lab1.elf
configparams force-mem-access 0
----------------End of Script----------------

11:03:44 INFO  : Memory regions updated for context APU
11:03:44 INFO  : Context for processor 'ps7_cortexa9_0' is selected.
11:03:44 INFO  : 'con' command is executed.
11:03:44 INFO  : ----------------XSDB Script (After Launch)----------------
targets -set -nocase -filter {name =~ "ARM*#0" && jtag_cable_name =~ "Digilent Zybo Z7 210351A82522A"} -index 0
con
----------------End of Script----------------

11:03:44 INFO  : Launch script is exported to file 'C:\Designs\komo\mikro_lab1\mikro_lab1.sdk\.sdk\launch_scripts\xilinx_c-c++_application_(system_debugger)\system_debugger_using_debug_lab1.elf_on_local.tcl'
11:05:40 INFO  : Disconnected from the channel tcfchan#4.
11:05:50 INFO  : 'targets -set -filter {jtag_cable_name =~ "Digilent Zybo Z7 210351A82522A" && level==0} -index 1' command is executed.
11:05:50 INFO  : 'fpga -state' command is executed.
11:05:50 INFO  : Connected to target on host '127.0.0.1' and port '3121'.
11:06:44 INFO  : Jtag cable 'Digilent Zybo Z7 210351A82522A' is selected.
11:06:44 INFO  : 'jtag frequency' command is executed.
11:06:44 INFO  : Sourcing of 'C:/Designs/komo/mikro_lab1/mikro_lab1.sdk/microprocessor_block_wrapper_hw_platform_0/ps7_init.tcl' is done.
11:06:44 INFO  : Context for 'APU' is selected.
11:06:45 INFO  : Hardware design information is loaded from 'C:/Designs/komo/mikro_lab1/mikro_lab1.sdk/microprocessor_block_wrapper_hw_platform_0/system.hdf'.
11:06:45 INFO  : 'configparams force-mem-access 1' command is executed.
11:06:45 INFO  : Context for 'APU' is selected.
11:06:45 INFO  : 'stop' command is executed.
11:06:45 INFO  : 'ps7_init' command is executed.
11:06:45 INFO  : 'ps7_post_config' command is executed.
11:06:45 INFO  : Context for processor 'ps7_cortexa9_0' is selected.
11:06:45 INFO  : Processor reset is completed for 'ps7_cortexa9_0'.
11:06:45 INFO  : Context for processor 'ps7_cortexa9_0' is selected.
11:06:45 INFO  : The application 'C:/Designs/komo/mikro_lab1/mikro_lab1.sdk/lab1/Debug/lab1.elf' is downloaded to processor 'ps7_cortexa9_0'.
11:06:45 INFO  : 'configparams force-mem-access 0' command is executed.
11:06:45 INFO  : ----------------XSDB Script----------------
connect -url tcp:127.0.0.1:3121
source C:/Designs/komo/mikro_lab1/mikro_lab1.sdk/microprocessor_block_wrapper_hw_platform_0/ps7_init.tcl
targets -set -nocase -filter {name =~"APU*" && jtag_cable_name =~ "Digilent Zybo Z7 210351A82522A"} -index 0
loadhw -hw C:/Designs/komo/mikro_lab1/mikro_lab1.sdk/microprocessor_block_wrapper_hw_platform_0/system.hdf -mem-ranges [list {0x40000000 0xbfffffff}]
configparams force-mem-access 1
targets -set -nocase -filter {name =~"APU*" && jtag_cable_name =~ "Digilent Zybo Z7 210351A82522A"} -index 0
stop
ps7_init
ps7_post_config
targets -set -nocase -filter {name =~ "ARM*#0" && jtag_cable_name =~ "Digilent Zybo Z7 210351A82522A"} -index 0
rst -processor
targets -set -nocase -filter {name =~ "ARM*#0" && jtag_cable_name =~ "Digilent Zybo Z7 210351A82522A"} -index 0
dow C:/Designs/komo/mikro_lab1/mikro_lab1.sdk/lab1/Debug/lab1.elf
configparams force-mem-access 0
----------------End of Script----------------

11:06:45 INFO  : Memory regions updated for context APU
11:06:45 INFO  : Context for processor 'ps7_cortexa9_0' is selected.
11:06:45 INFO  : 'con' command is executed.
11:06:45 INFO  : ----------------XSDB Script (After Launch)----------------
targets -set -nocase -filter {name =~ "ARM*#0" && jtag_cable_name =~ "Digilent Zybo Z7 210351A82522A"} -index 0
con
----------------End of Script----------------

11:06:45 INFO  : Launch script is exported to file 'C:\Designs\komo\mikro_lab1\mikro_lab1.sdk\.sdk\launch_scripts\xilinx_c-c++_application_(system_debugger)\system_debugger_using_debug_lab1.elf_on_local.tcl'
11:07:27 INFO  : Disconnected from the channel tcfchan#5.
11:07:37 INFO  : 'targets -set -filter {jtag_cable_name =~ "Digilent Zybo Z7 210351A82522A" && level==0} -index 1' command is executed.
11:07:37 INFO  : 'fpga -state' command is executed.
11:07:37 INFO  : Connected to target on host '127.0.0.1' and port '3121'.
11:08:32 INFO  : Jtag cable 'Digilent Zybo Z7 210351A82522A' is selected.
11:08:32 INFO  : 'jtag frequency' command is executed.
11:08:32 INFO  : Sourcing of 'C:/Designs/komo/mikro_lab1/mikro_lab1.sdk/microprocessor_block_wrapper_hw_platform_0/ps7_init.tcl' is done.
11:08:32 INFO  : Context for 'APU' is selected.
11:08:33 INFO  : Hardware design information is loaded from 'C:/Designs/komo/mikro_lab1/mikro_lab1.sdk/microprocessor_block_wrapper_hw_platform_0/system.hdf'.
11:08:33 INFO  : 'configparams force-mem-access 1' command is executed.
11:08:33 INFO  : Context for 'APU' is selected.
11:08:33 INFO  : 'stop' command is executed.
11:08:33 INFO  : 'ps7_init' command is executed.
11:08:33 INFO  : 'ps7_post_config' command is executed.
11:08:33 INFO  : Context for processor 'ps7_cortexa9_0' is selected.
11:08:33 INFO  : Processor reset is completed for 'ps7_cortexa9_0'.
11:08:33 INFO  : Context for processor 'ps7_cortexa9_0' is selected.
11:08:33 INFO  : The application 'C:/Designs/komo/mikro_lab1/mikro_lab1.sdk/lab1/Debug/lab1.elf' is downloaded to processor 'ps7_cortexa9_0'.
11:08:33 INFO  : 'configparams force-mem-access 0' command is executed.
11:08:33 INFO  : ----------------XSDB Script----------------
connect -url tcp:127.0.0.1:3121
source C:/Designs/komo/mikro_lab1/mikro_lab1.sdk/microprocessor_block_wrapper_hw_platform_0/ps7_init.tcl
targets -set -nocase -filter {name =~"APU*" && jtag_cable_name =~ "Digilent Zybo Z7 210351A82522A"} -index 0
loadhw -hw C:/Designs/komo/mikro_lab1/mikro_lab1.sdk/microprocessor_block_wrapper_hw_platform_0/system.hdf -mem-ranges [list {0x40000000 0xbfffffff}]
configparams force-mem-access 1
targets -set -nocase -filter {name =~"APU*" && jtag_cable_name =~ "Digilent Zybo Z7 210351A82522A"} -index 0
stop
ps7_init
ps7_post_config
targets -set -nocase -filter {name =~ "ARM*#0" && jtag_cable_name =~ "Digilent Zybo Z7 210351A82522A"} -index 0
rst -processor
targets -set -nocase -filter {name =~ "ARM*#0" && jtag_cable_name =~ "Digilent Zybo Z7 210351A82522A"} -index 0
dow C:/Designs/komo/mikro_lab1/mikro_lab1.sdk/lab1/Debug/lab1.elf
configparams force-mem-access 0
----------------End of Script----------------

11:08:33 INFO  : Memory regions updated for context APU
11:08:33 INFO  : Context for processor 'ps7_cortexa9_0' is selected.
11:08:33 INFO  : 'con' command is executed.
11:08:33 INFO  : ----------------XSDB Script (After Launch)----------------
targets -set -nocase -filter {name =~ "ARM*#0" && jtag_cable_name =~ "Digilent Zybo Z7 210351A82522A"} -index 0
con
----------------End of Script----------------

11:08:33 INFO  : Launch script is exported to file 'C:\Designs\komo\mikro_lab1\mikro_lab1.sdk\.sdk\launch_scripts\xilinx_c-c++_application_(system_debugger)\system_debugger_using_debug_lab1.elf_on_local.tcl'
11:09:35 INFO  : Disconnected from the channel tcfchan#6.
11:09:45 INFO  : 'targets -set -filter {jtag_cable_name =~ "Digilent Zybo Z7 210351A82522A" && level==0} -index 1' command is executed.
11:09:45 INFO  : 'fpga -state' command is executed.
11:09:45 INFO  : Connected to target on host '127.0.0.1' and port '3121'.
11:10:40 INFO  : Jtag cable 'Digilent Zybo Z7 210351A82522A' is selected.
11:10:40 INFO  : 'jtag frequency' command is executed.
11:10:40 INFO  : Sourcing of 'C:/Designs/komo/mikro_lab1/mikro_lab1.sdk/microprocessor_block_wrapper_hw_platform_0/ps7_init.tcl' is done.
11:10:40 INFO  : Context for 'APU' is selected.
11:10:40 INFO  : Hardware design information is loaded from 'C:/Designs/komo/mikro_lab1/mikro_lab1.sdk/microprocessor_block_wrapper_hw_platform_0/system.hdf'.
11:10:40 INFO  : 'configparams force-mem-access 1' command is executed.
11:10:40 INFO  : Context for 'APU' is selected.
11:10:40 INFO  : 'stop' command is executed.
11:10:41 INFO  : 'ps7_init' command is executed.
11:10:41 INFO  : 'ps7_post_config' command is executed.
11:10:41 INFO  : Context for processor 'ps7_cortexa9_0' is selected.
11:10:41 INFO  : Processor reset is completed for 'ps7_cortexa9_0'.
11:10:41 INFO  : Context for processor 'ps7_cortexa9_0' is selected.
11:10:41 INFO  : The application 'C:/Designs/komo/mikro_lab1/mikro_lab1.sdk/lab1/Debug/lab1.elf' is downloaded to processor 'ps7_cortexa9_0'.
11:10:41 INFO  : 'configparams force-mem-access 0' command is executed.
11:10:41 INFO  : ----------------XSDB Script----------------
connect -url tcp:127.0.0.1:3121
source C:/Designs/komo/mikro_lab1/mikro_lab1.sdk/microprocessor_block_wrapper_hw_platform_0/ps7_init.tcl
targets -set -nocase -filter {name =~"APU*" && jtag_cable_name =~ "Digilent Zybo Z7 210351A82522A"} -index 0
loadhw -hw C:/Designs/komo/mikro_lab1/mikro_lab1.sdk/microprocessor_block_wrapper_hw_platform_0/system.hdf -mem-ranges [list {0x40000000 0xbfffffff}]
configparams force-mem-access 1
targets -set -nocase -filter {name =~"APU*" && jtag_cable_name =~ "Digilent Zybo Z7 210351A82522A"} -index 0
stop
ps7_init
ps7_post_config
targets -set -nocase -filter {name =~ "ARM*#0" && jtag_cable_name =~ "Digilent Zybo Z7 210351A82522A"} -index 0
rst -processor
targets -set -nocase -filter {name =~ "ARM*#0" && jtag_cable_name =~ "Digilent Zybo Z7 210351A82522A"} -index 0
dow C:/Designs/komo/mikro_lab1/mikro_lab1.sdk/lab1/Debug/lab1.elf
configparams force-mem-access 0
----------------End of Script----------------

11:10:41 INFO  : Memory regions updated for context APU
11:10:41 INFO  : Context for processor 'ps7_cortexa9_0' is selected.
11:10:41 INFO  : 'con' command is executed.
11:10:41 INFO  : ----------------XSDB Script (After Launch)----------------
targets -set -nocase -filter {name =~ "ARM*#0" && jtag_cable_name =~ "Digilent Zybo Z7 210351A82522A"} -index 0
con
----------------End of Script----------------

11:10:41 INFO  : Launch script is exported to file 'C:\Designs\komo\mikro_lab1\mikro_lab1.sdk\.sdk\launch_scripts\xilinx_c-c++_application_(system_debugger)\system_debugger_using_debug_lab1.elf_on_local.tcl'
11:11:15 INFO  : Disconnected from the channel tcfchan#7.
11:11:25 INFO  : 'targets -set -filter {jtag_cable_name =~ "Digilent Zybo Z7 210351A82522A" && level==0} -index 1' command is executed.
11:11:25 INFO  : 'fpga -state' command is executed.
11:11:25 INFO  : Connected to target on host '127.0.0.1' and port '3121'.
11:12:19 INFO  : Jtag cable 'Digilent Zybo Z7 210351A82522A' is selected.
11:12:19 INFO  : 'jtag frequency' command is executed.
11:12:19 INFO  : Sourcing of 'C:/Designs/komo/mikro_lab1/mikro_lab1.sdk/microprocessor_block_wrapper_hw_platform_0/ps7_init.tcl' is done.
11:12:19 INFO  : Context for 'APU' is selected.
11:12:21 INFO  : Hardware design information is loaded from 'C:/Designs/komo/mikro_lab1/mikro_lab1.sdk/microprocessor_block_wrapper_hw_platform_0/system.hdf'.
11:12:21 INFO  : 'configparams force-mem-access 1' command is executed.
11:12:21 INFO  : Context for 'APU' is selected.
11:12:21 INFO  : 'stop' command is executed.
11:12:22 INFO  : 'ps7_init' command is executed.
11:12:22 INFO  : 'ps7_post_config' command is executed.
11:12:22 INFO  : Context for processor 'ps7_cortexa9_0' is selected.
11:12:22 INFO  : Processor reset is completed for 'ps7_cortexa9_0'.
11:12:22 INFO  : Context for processor 'ps7_cortexa9_0' is selected.
11:12:22 INFO  : The application 'C:/Designs/komo/mikro_lab1/mikro_lab1.sdk/lab1/Debug/lab1.elf' is downloaded to processor 'ps7_cortexa9_0'.
11:12:22 INFO  : 'configparams force-mem-access 0' command is executed.
11:12:22 INFO  : ----------------XSDB Script----------------
connect -url tcp:127.0.0.1:3121
source C:/Designs/komo/mikro_lab1/mikro_lab1.sdk/microprocessor_block_wrapper_hw_platform_0/ps7_init.tcl
targets -set -nocase -filter {name =~"APU*" && jtag_cable_name =~ "Digilent Zybo Z7 210351A82522A"} -index 0
loadhw -hw C:/Designs/komo/mikro_lab1/mikro_lab1.sdk/microprocessor_block_wrapper_hw_platform_0/system.hdf -mem-ranges [list {0x40000000 0xbfffffff}]
configparams force-mem-access 1
targets -set -nocase -filter {name =~"APU*" && jtag_cable_name =~ "Digilent Zybo Z7 210351A82522A"} -index 0
stop
ps7_init
ps7_post_config
targets -set -nocase -filter {name =~ "ARM*#0" && jtag_cable_name =~ "Digilent Zybo Z7 210351A82522A"} -index 0
rst -processor
targets -set -nocase -filter {name =~ "ARM*#0" && jtag_cable_name =~ "Digilent Zybo Z7 210351A82522A"} -index 0
dow C:/Designs/komo/mikro_lab1/mikro_lab1.sdk/lab1/Debug/lab1.elf
configparams force-mem-access 0
----------------End of Script----------------

11:12:22 INFO  : Memory regions updated for context APU
11:12:22 INFO  : Context for processor 'ps7_cortexa9_0' is selected.
11:12:22 INFO  : 'con' command is executed.
11:12:22 INFO  : ----------------XSDB Script (After Launch)----------------
targets -set -nocase -filter {name =~ "ARM*#0" && jtag_cable_name =~ "Digilent Zybo Z7 210351A82522A"} -index 0
con
----------------End of Script----------------

11:12:22 INFO  : Launch script is exported to file 'C:\Designs\komo\mikro_lab1\mikro_lab1.sdk\.sdk\launch_scripts\xilinx_c-c++_application_(system_debugger)\system_debugger_using_debug_lab1.elf_on_local.tcl'
11:12:36 INFO  : Disconnected from the channel tcfchan#8.
11:12:47 INFO  : 'targets -set -filter {jtag_cable_name =~ "Digilent Zybo Z7 210351A82522A" && level==0} -index 1' command is executed.
11:12:47 INFO  : 'fpga -state' command is executed.
11:12:47 INFO  : Connected to target on host '127.0.0.1' and port '3121'.
11:13:41 INFO  : Jtag cable 'Digilent Zybo Z7 210351A82522A' is selected.
11:13:41 INFO  : 'jtag frequency' command is executed.
11:13:41 INFO  : Sourcing of 'C:/Designs/komo/mikro_lab1/mikro_lab1.sdk/microprocessor_block_wrapper_hw_platform_0/ps7_init.tcl' is done.
11:13:41 INFO  : Context for 'APU' is selected.
11:13:42 INFO  : Hardware design information is loaded from 'C:/Designs/komo/mikro_lab1/mikro_lab1.sdk/microprocessor_block_wrapper_hw_platform_0/system.hdf'.
11:13:42 INFO  : 'configparams force-mem-access 1' command is executed.
11:13:42 INFO  : Context for 'APU' is selected.
11:13:42 INFO  : 'stop' command is executed.
11:13:42 INFO  : 'ps7_init' command is executed.
11:13:42 INFO  : 'ps7_post_config' command is executed.
11:13:42 INFO  : Context for processor 'ps7_cortexa9_0' is selected.
11:13:42 INFO  : Processor reset is completed for 'ps7_cortexa9_0'.
11:13:42 INFO  : Context for processor 'ps7_cortexa9_0' is selected.
11:13:42 INFO  : The application 'C:/Designs/komo/mikro_lab1/mikro_lab1.sdk/lab1/Debug/lab1.elf' is downloaded to processor 'ps7_cortexa9_0'.
11:13:42 INFO  : 'configparams force-mem-access 0' command is executed.
11:13:42 INFO  : ----------------XSDB Script----------------
connect -url tcp:127.0.0.1:3121
source C:/Designs/komo/mikro_lab1/mikro_lab1.sdk/microprocessor_block_wrapper_hw_platform_0/ps7_init.tcl
targets -set -nocase -filter {name =~"APU*" && jtag_cable_name =~ "Digilent Zybo Z7 210351A82522A"} -index 0
loadhw -hw C:/Designs/komo/mikro_lab1/mikro_lab1.sdk/microprocessor_block_wrapper_hw_platform_0/system.hdf -mem-ranges [list {0x40000000 0xbfffffff}]
configparams force-mem-access 1
targets -set -nocase -filter {name =~"APU*" && jtag_cable_name =~ "Digilent Zybo Z7 210351A82522A"} -index 0
stop
ps7_init
ps7_post_config
targets -set -nocase -filter {name =~ "ARM*#0" && jtag_cable_name =~ "Digilent Zybo Z7 210351A82522A"} -index 0
rst -processor
targets -set -nocase -filter {name =~ "ARM*#0" && jtag_cable_name =~ "Digilent Zybo Z7 210351A82522A"} -index 0
dow C:/Designs/komo/mikro_lab1/mikro_lab1.sdk/lab1/Debug/lab1.elf
configparams force-mem-access 0
----------------End of Script----------------

11:13:42 INFO  : Memory regions updated for context APU
11:13:42 INFO  : Context for processor 'ps7_cortexa9_0' is selected.
11:13:42 INFO  : 'con' command is executed.
11:13:42 INFO  : ----------------XSDB Script (After Launch)----------------
targets -set -nocase -filter {name =~ "ARM*#0" && jtag_cable_name =~ "Digilent Zybo Z7 210351A82522A"} -index 0
con
----------------End of Script----------------

11:13:42 INFO  : Launch script is exported to file 'C:\Designs\komo\mikro_lab1\mikro_lab1.sdk\.sdk\launch_scripts\xilinx_c-c++_application_(system_debugger)\system_debugger_using_debug_lab1.elf_on_local.tcl'
11:13:54 INFO  : Disconnected from the channel tcfchan#9.
11:14:04 INFO  : 'targets -set -filter {jtag_cable_name =~ "Digilent Zybo Z7 210351A82522A" && level==0} -index 1' command is executed.
11:14:04 INFO  : 'fpga -state' command is executed.
11:14:04 INFO  : Connected to target on host '127.0.0.1' and port '3121'.
11:14:58 INFO  : Jtag cable 'Digilent Zybo Z7 210351A82522A' is selected.
11:14:58 INFO  : 'jtag frequency' command is executed.
11:14:58 INFO  : Sourcing of 'C:/Designs/komo/mikro_lab1/mikro_lab1.sdk/microprocessor_block_wrapper_hw_platform_0/ps7_init.tcl' is done.
11:14:58 INFO  : Context for 'APU' is selected.
11:14:59 INFO  : Hardware design information is loaded from 'C:/Designs/komo/mikro_lab1/mikro_lab1.sdk/microprocessor_block_wrapper_hw_platform_0/system.hdf'.
11:14:59 INFO  : 'configparams force-mem-access 1' command is executed.
11:14:59 INFO  : Context for 'APU' is selected.
11:14:59 INFO  : 'stop' command is executed.
11:15:00 INFO  : 'ps7_init' command is executed.
11:15:00 INFO  : 'ps7_post_config' command is executed.
11:15:00 INFO  : Context for processor 'ps7_cortexa9_0' is selected.
11:15:00 INFO  : Processor reset is completed for 'ps7_cortexa9_0'.
11:15:00 INFO  : Context for processor 'ps7_cortexa9_0' is selected.
11:15:00 INFO  : The application 'C:/Designs/komo/mikro_lab1/mikro_lab1.sdk/lab1/Debug/lab1.elf' is downloaded to processor 'ps7_cortexa9_0'.
11:15:00 INFO  : 'configparams force-mem-access 0' command is executed.
11:15:00 INFO  : ----------------XSDB Script----------------
connect -url tcp:127.0.0.1:3121
source C:/Designs/komo/mikro_lab1/mikro_lab1.sdk/microprocessor_block_wrapper_hw_platform_0/ps7_init.tcl
targets -set -nocase -filter {name =~"APU*" && jtag_cable_name =~ "Digilent Zybo Z7 210351A82522A"} -index 0
loadhw -hw C:/Designs/komo/mikro_lab1/mikro_lab1.sdk/microprocessor_block_wrapper_hw_platform_0/system.hdf -mem-ranges [list {0x40000000 0xbfffffff}]
configparams force-mem-access 1
targets -set -nocase -filter {name =~"APU*" && jtag_cable_name =~ "Digilent Zybo Z7 210351A82522A"} -index 0
stop
ps7_init
ps7_post_config
targets -set -nocase -filter {name =~ "ARM*#0" && jtag_cable_name =~ "Digilent Zybo Z7 210351A82522A"} -index 0
rst -processor
targets -set -nocase -filter {name =~ "ARM*#0" && jtag_cable_name =~ "Digilent Zybo Z7 210351A82522A"} -index 0
dow C:/Designs/komo/mikro_lab1/mikro_lab1.sdk/lab1/Debug/lab1.elf
configparams force-mem-access 0
----------------End of Script----------------

11:15:00 INFO  : Memory regions updated for context APU
11:15:00 INFO  : Context for processor 'ps7_cortexa9_0' is selected.
11:15:00 INFO  : 'con' command is executed.
11:15:00 INFO  : ----------------XSDB Script (After Launch)----------------
targets -set -nocase -filter {name =~ "ARM*#0" && jtag_cable_name =~ "Digilent Zybo Z7 210351A82522A"} -index 0
con
----------------End of Script----------------

11:15:00 INFO  : Launch script is exported to file 'C:\Designs\komo\mikro_lab1\mikro_lab1.sdk\.sdk\launch_scripts\xilinx_c-c++_application_(system_debugger)\system_debugger_using_debug_lab1.elf_on_local.tcl'
11:15:46 INFO  : Disconnected from the channel tcfchan#10.
11:15:56 INFO  : 'targets -set -filter {jtag_cable_name =~ "Digilent Zybo Z7 210351A82522A" && level==0} -index 1' command is executed.
11:15:56 INFO  : 'fpga -state' command is executed.
11:15:56 INFO  : Connected to target on host '127.0.0.1' and port '3121'.
11:16:51 INFO  : Jtag cable 'Digilent Zybo Z7 210351A82522A' is selected.
11:16:51 INFO  : 'jtag frequency' command is executed.
11:16:51 INFO  : Sourcing of 'C:/Designs/komo/mikro_lab1/mikro_lab1.sdk/microprocessor_block_wrapper_hw_platform_0/ps7_init.tcl' is done.
11:16:51 INFO  : Context for 'APU' is selected.
11:16:52 INFO  : Hardware design information is loaded from 'C:/Designs/komo/mikro_lab1/mikro_lab1.sdk/microprocessor_block_wrapper_hw_platform_0/system.hdf'.
11:16:52 INFO  : 'configparams force-mem-access 1' command is executed.
11:16:52 INFO  : Context for 'APU' is selected.
11:16:52 INFO  : 'stop' command is executed.
11:16:52 INFO  : 'ps7_init' command is executed.
11:16:52 INFO  : 'ps7_post_config' command is executed.
11:16:52 INFO  : Context for processor 'ps7_cortexa9_0' is selected.
11:16:52 INFO  : Processor reset is completed for 'ps7_cortexa9_0'.
11:16:52 INFO  : Context for processor 'ps7_cortexa9_0' is selected.
11:16:52 INFO  : The application 'C:/Designs/komo/mikro_lab1/mikro_lab1.sdk/lab1/Debug/lab1.elf' is downloaded to processor 'ps7_cortexa9_0'.
11:16:52 INFO  : 'configparams force-mem-access 0' command is executed.
11:16:52 INFO  : ----------------XSDB Script----------------
connect -url tcp:127.0.0.1:3121
source C:/Designs/komo/mikro_lab1/mikro_lab1.sdk/microprocessor_block_wrapper_hw_platform_0/ps7_init.tcl
targets -set -nocase -filter {name =~"APU*" && jtag_cable_name =~ "Digilent Zybo Z7 210351A82522A"} -index 0
loadhw -hw C:/Designs/komo/mikro_lab1/mikro_lab1.sdk/microprocessor_block_wrapper_hw_platform_0/system.hdf -mem-ranges [list {0x40000000 0xbfffffff}]
configparams force-mem-access 1
targets -set -nocase -filter {name =~"APU*" && jtag_cable_name =~ "Digilent Zybo Z7 210351A82522A"} -index 0
stop
ps7_init
ps7_post_config
targets -set -nocase -filter {name =~ "ARM*#0" && jtag_cable_name =~ "Digilent Zybo Z7 210351A82522A"} -index 0
rst -processor
targets -set -nocase -filter {name =~ "ARM*#0" && jtag_cable_name =~ "Digilent Zybo Z7 210351A82522A"} -index 0
dow C:/Designs/komo/mikro_lab1/mikro_lab1.sdk/lab1/Debug/lab1.elf
configparams force-mem-access 0
----------------End of Script----------------

11:16:52 INFO  : Memory regions updated for context APU
11:16:52 INFO  : Context for processor 'ps7_cortexa9_0' is selected.
11:16:52 INFO  : 'con' command is executed.
11:16:52 INFO  : ----------------XSDB Script (After Launch)----------------
targets -set -nocase -filter {name =~ "ARM*#0" && jtag_cable_name =~ "Digilent Zybo Z7 210351A82522A"} -index 0
con
----------------End of Script----------------

11:16:52 INFO  : Launch script is exported to file 'C:\Designs\komo\mikro_lab1\mikro_lab1.sdk\.sdk\launch_scripts\xilinx_c-c++_application_(system_debugger)\system_debugger_using_debug_lab1.elf_on_local.tcl'
11:21:51 INFO  : Disconnected from the channel tcfchan#11.
11:22:01 INFO  : 'targets -set -filter {jtag_cable_name =~ "Digilent Zybo Z7 210351A82522A" && level==0} -index 1' command is executed.
11:22:01 INFO  : 'fpga -state' command is executed.
11:22:01 INFO  : Connected to target on host '127.0.0.1' and port '3121'.
11:22:56 INFO  : Jtag cable 'Digilent Zybo Z7 210351A82522A' is selected.
11:22:56 INFO  : 'jtag frequency' command is executed.
11:22:56 INFO  : Sourcing of 'C:/Designs/komo/mikro_lab1/mikro_lab1.sdk/microprocessor_block_wrapper_hw_platform_0/ps7_init.tcl' is done.
11:22:56 INFO  : Context for 'APU' is selected.
11:22:56 INFO  : Hardware design information is loaded from 'C:/Designs/komo/mikro_lab1/mikro_lab1.sdk/microprocessor_block_wrapper_hw_platform_0/system.hdf'.
11:22:56 INFO  : 'configparams force-mem-access 1' command is executed.
11:22:56 INFO  : Context for 'APU' is selected.
11:22:57 INFO  : 'stop' command is executed.
11:22:57 INFO  : 'ps7_init' command is executed.
11:22:57 INFO  : 'ps7_post_config' command is executed.
11:22:57 INFO  : Context for processor 'ps7_cortexa9_0' is selected.
11:22:57 INFO  : Processor reset is completed for 'ps7_cortexa9_0'.
11:22:57 INFO  : Context for processor 'ps7_cortexa9_0' is selected.
11:22:57 INFO  : The application 'C:/Designs/komo/mikro_lab1/mikro_lab1.sdk/lab1/Debug/lab1.elf' is downloaded to processor 'ps7_cortexa9_0'.
11:22:57 INFO  : 'configparams force-mem-access 0' command is executed.
11:22:57 INFO  : ----------------XSDB Script----------------
connect -url tcp:127.0.0.1:3121
source C:/Designs/komo/mikro_lab1/mikro_lab1.sdk/microprocessor_block_wrapper_hw_platform_0/ps7_init.tcl
targets -set -nocase -filter {name =~"APU*" && jtag_cable_name =~ "Digilent Zybo Z7 210351A82522A"} -index 0
loadhw -hw C:/Designs/komo/mikro_lab1/mikro_lab1.sdk/microprocessor_block_wrapper_hw_platform_0/system.hdf -mem-ranges [list {0x40000000 0xbfffffff}]
configparams force-mem-access 1
targets -set -nocase -filter {name =~"APU*" && jtag_cable_name =~ "Digilent Zybo Z7 210351A82522A"} -index 0
stop
ps7_init
ps7_post_config
targets -set -nocase -filter {name =~ "ARM*#0" && jtag_cable_name =~ "Digilent Zybo Z7 210351A82522A"} -index 0
rst -processor
targets -set -nocase -filter {name =~ "ARM*#0" && jtag_cable_name =~ "Digilent Zybo Z7 210351A82522A"} -index 0
dow C:/Designs/komo/mikro_lab1/mikro_lab1.sdk/lab1/Debug/lab1.elf
configparams force-mem-access 0
----------------End of Script----------------

11:22:57 INFO  : Memory regions updated for context APU
11:22:57 INFO  : Context for processor 'ps7_cortexa9_0' is selected.
11:22:57 INFO  : 'con' command is executed.
11:22:57 INFO  : ----------------XSDB Script (After Launch)----------------
targets -set -nocase -filter {name =~ "ARM*#0" && jtag_cable_name =~ "Digilent Zybo Z7 210351A82522A"} -index 0
con
----------------End of Script----------------

11:22:57 INFO  : Launch script is exported to file 'C:\Designs\komo\mikro_lab1\mikro_lab1.sdk\.sdk\launch_scripts\xilinx_c-c++_application_(system_debugger)\system_debugger_using_debug_lab1.elf_on_local.tcl'
11:23:20 INFO  : Disconnected from the channel tcfchan#12.
11:23:30 INFO  : 'targets -set -filter {jtag_cable_name =~ "Digilent Zybo Z7 210351A82522A" && level==0} -index 1' command is executed.
11:23:30 INFO  : 'fpga -state' command is executed.
11:23:30 INFO  : Connected to target on host '127.0.0.1' and port '3121'.
11:24:24 INFO  : Jtag cable 'Digilent Zybo Z7 210351A82522A' is selected.
11:24:24 INFO  : 'jtag frequency' command is executed.
11:24:24 INFO  : Sourcing of 'C:/Designs/komo/mikro_lab1/mikro_lab1.sdk/microprocessor_block_wrapper_hw_platform_0/ps7_init.tcl' is done.
11:24:24 INFO  : Context for 'APU' is selected.
11:24:25 INFO  : Hardware design information is loaded from 'C:/Designs/komo/mikro_lab1/mikro_lab1.sdk/microprocessor_block_wrapper_hw_platform_0/system.hdf'.
11:24:25 INFO  : 'configparams force-mem-access 1' command is executed.
11:24:25 INFO  : Context for 'APU' is selected.
11:24:25 INFO  : 'stop' command is executed.
11:24:25 INFO  : 'ps7_init' command is executed.
11:24:25 INFO  : 'ps7_post_config' command is executed.
11:24:25 INFO  : Context for processor 'ps7_cortexa9_0' is selected.
11:24:25 INFO  : Processor reset is completed for 'ps7_cortexa9_0'.
11:24:25 INFO  : Context for processor 'ps7_cortexa9_0' is selected.
11:24:25 INFO  : The application 'C:/Designs/komo/mikro_lab1/mikro_lab1.sdk/lab1/Debug/lab1.elf' is downloaded to processor 'ps7_cortexa9_0'.
11:24:25 INFO  : 'configparams force-mem-access 0' command is executed.
11:24:25 INFO  : ----------------XSDB Script----------------
connect -url tcp:127.0.0.1:3121
source C:/Designs/komo/mikro_lab1/mikro_lab1.sdk/microprocessor_block_wrapper_hw_platform_0/ps7_init.tcl
targets -set -nocase -filter {name =~"APU*" && jtag_cable_name =~ "Digilent Zybo Z7 210351A82522A"} -index 0
loadhw -hw C:/Designs/komo/mikro_lab1/mikro_lab1.sdk/microprocessor_block_wrapper_hw_platform_0/system.hdf -mem-ranges [list {0x40000000 0xbfffffff}]
configparams force-mem-access 1
targets -set -nocase -filter {name =~"APU*" && jtag_cable_name =~ "Digilent Zybo Z7 210351A82522A"} -index 0
stop
ps7_init
ps7_post_config
targets -set -nocase -filter {name =~ "ARM*#0" && jtag_cable_name =~ "Digilent Zybo Z7 210351A82522A"} -index 0
rst -processor
targets -set -nocase -filter {name =~ "ARM*#0" && jtag_cable_name =~ "Digilent Zybo Z7 210351A82522A"} -index 0
dow C:/Designs/komo/mikro_lab1/mikro_lab1.sdk/lab1/Debug/lab1.elf
configparams force-mem-access 0
----------------End of Script----------------

11:24:25 INFO  : Memory regions updated for context APU
11:24:25 INFO  : Context for processor 'ps7_cortexa9_0' is selected.
11:24:25 INFO  : 'con' command is executed.
11:24:25 INFO  : ----------------XSDB Script (After Launch)----------------
targets -set -nocase -filter {name =~ "ARM*#0" && jtag_cable_name =~ "Digilent Zybo Z7 210351A82522A"} -index 0
con
----------------End of Script----------------

11:24:25 INFO  : Launch script is exported to file 'C:\Designs\komo\mikro_lab1\mikro_lab1.sdk\.sdk\launch_scripts\xilinx_c-c++_application_(system_debugger)\system_debugger_using_debug_lab1.elf_on_local.tcl'
11:35:02 INFO  : Disconnected from the channel tcfchan#13.
11:35:12 INFO  : 'targets -set -filter {jtag_cable_name =~ "Digilent Zybo Z7 210351A82522A" && level==0} -index 1' command is executed.
11:35:12 INFO  : 'fpga -state' command is executed.
11:35:12 INFO  : Connected to target on host '127.0.0.1' and port '3121'.
11:36:06 INFO  : Jtag cable 'Digilent Zybo Z7 210351A82522A' is selected.
11:36:06 INFO  : 'jtag frequency' command is executed.
11:36:06 INFO  : Sourcing of 'C:/Designs/komo/mikro_lab1/mikro_lab1.sdk/microprocessor_block_wrapper_hw_platform_0/ps7_init.tcl' is done.
11:36:06 INFO  : Context for 'APU' is selected.
11:36:07 INFO  : Hardware design information is loaded from 'C:/Designs/komo/mikro_lab1/mikro_lab1.sdk/microprocessor_block_wrapper_hw_platform_0/system.hdf'.
11:36:07 INFO  : 'configparams force-mem-access 1' command is executed.
11:36:07 INFO  : Context for 'APU' is selected.
11:36:07 INFO  : 'stop' command is executed.
11:36:07 INFO  : 'ps7_init' command is executed.
11:36:08 INFO  : 'ps7_post_config' command is executed.
11:36:08 INFO  : Context for processor 'ps7_cortexa9_0' is selected.
11:36:08 INFO  : Processor reset is completed for 'ps7_cortexa9_0'.
11:36:08 INFO  : Context for processor 'ps7_cortexa9_0' is selected.
11:36:08 INFO  : The application 'C:/Designs/komo/mikro_lab1/mikro_lab1.sdk/lab1/Debug/lab1.elf' is downloaded to processor 'ps7_cortexa9_0'.
11:36:08 INFO  : 'configparams force-mem-access 0' command is executed.
11:36:08 INFO  : ----------------XSDB Script----------------
connect -url tcp:127.0.0.1:3121
source C:/Designs/komo/mikro_lab1/mikro_lab1.sdk/microprocessor_block_wrapper_hw_platform_0/ps7_init.tcl
targets -set -nocase -filter {name =~"APU*" && jtag_cable_name =~ "Digilent Zybo Z7 210351A82522A"} -index 0
loadhw -hw C:/Designs/komo/mikro_lab1/mikro_lab1.sdk/microprocessor_block_wrapper_hw_platform_0/system.hdf -mem-ranges [list {0x40000000 0xbfffffff}]
configparams force-mem-access 1
targets -set -nocase -filter {name =~"APU*" && jtag_cable_name =~ "Digilent Zybo Z7 210351A82522A"} -index 0
stop
ps7_init
ps7_post_config
targets -set -nocase -filter {name =~ "ARM*#0" && jtag_cable_name =~ "Digilent Zybo Z7 210351A82522A"} -index 0
rst -processor
targets -set -nocase -filter {name =~ "ARM*#0" && jtag_cable_name =~ "Digilent Zybo Z7 210351A82522A"} -index 0
dow C:/Designs/komo/mikro_lab1/mikro_lab1.sdk/lab1/Debug/lab1.elf
configparams force-mem-access 0
----------------End of Script----------------

11:36:08 INFO  : Memory regions updated for context APU
11:36:08 INFO  : Context for processor 'ps7_cortexa9_0' is selected.
11:36:08 INFO  : 'con' command is executed.
11:36:08 INFO  : ----------------XSDB Script (After Launch)----------------
targets -set -nocase -filter {name =~ "ARM*#0" && jtag_cable_name =~ "Digilent Zybo Z7 210351A82522A"} -index 0
con
----------------End of Script----------------

11:36:08 INFO  : Launch script is exported to file 'C:\Designs\komo\mikro_lab1\mikro_lab1.sdk\.sdk\launch_scripts\xilinx_c-c++_application_(system_debugger)\system_debugger_using_debug_lab1.elf_on_local.tcl'
11:37:23 INFO  : Disconnected from the channel tcfchan#14.
11:37:33 INFO  : 'targets -set -filter {jtag_cable_name =~ "Digilent Zybo Z7 210351A82522A" && level==0} -index 1' command is executed.
11:37:33 INFO  : 'fpga -state' command is executed.
11:37:33 INFO  : Connected to target on host '127.0.0.1' and port '3121'.
11:38:27 INFO  : Jtag cable 'Digilent Zybo Z7 210351A82522A' is selected.
11:38:27 INFO  : 'jtag frequency' command is executed.
11:38:27 INFO  : Sourcing of 'C:/Designs/komo/mikro_lab1/mikro_lab1.sdk/microprocessor_block_wrapper_hw_platform_0/ps7_init.tcl' is done.
11:38:27 INFO  : Context for 'APU' is selected.
11:38:28 INFO  : Hardware design information is loaded from 'C:/Designs/komo/mikro_lab1/mikro_lab1.sdk/microprocessor_block_wrapper_hw_platform_0/system.hdf'.
11:38:28 INFO  : 'configparams force-mem-access 1' command is executed.
11:38:28 INFO  : Context for 'APU' is selected.
11:38:28 INFO  : 'stop' command is executed.
11:38:29 INFO  : 'ps7_init' command is executed.
11:38:29 INFO  : 'ps7_post_config' command is executed.
11:38:29 INFO  : Context for processor 'ps7_cortexa9_0' is selected.
11:38:29 INFO  : Processor reset is completed for 'ps7_cortexa9_0'.
11:38:29 INFO  : Context for processor 'ps7_cortexa9_0' is selected.
11:38:29 INFO  : The application 'C:/Designs/komo/mikro_lab1/mikro_lab1.sdk/lab1/Debug/lab1.elf' is downloaded to processor 'ps7_cortexa9_0'.
11:38:29 INFO  : 'configparams force-mem-access 0' command is executed.
11:38:29 INFO  : ----------------XSDB Script----------------
connect -url tcp:127.0.0.1:3121
source C:/Designs/komo/mikro_lab1/mikro_lab1.sdk/microprocessor_block_wrapper_hw_platform_0/ps7_init.tcl
targets -set -nocase -filter {name =~"APU*" && jtag_cable_name =~ "Digilent Zybo Z7 210351A82522A"} -index 0
loadhw -hw C:/Designs/komo/mikro_lab1/mikro_lab1.sdk/microprocessor_block_wrapper_hw_platform_0/system.hdf -mem-ranges [list {0x40000000 0xbfffffff}]
configparams force-mem-access 1
targets -set -nocase -filter {name =~"APU*" && jtag_cable_name =~ "Digilent Zybo Z7 210351A82522A"} -index 0
stop
ps7_init
ps7_post_config
targets -set -nocase -filter {name =~ "ARM*#0" && jtag_cable_name =~ "Digilent Zybo Z7 210351A82522A"} -index 0
rst -processor
targets -set -nocase -filter {name =~ "ARM*#0" && jtag_cable_name =~ "Digilent Zybo Z7 210351A82522A"} -index 0
dow C:/Designs/komo/mikro_lab1/mikro_lab1.sdk/lab1/Debug/lab1.elf
configparams force-mem-access 0
----------------End of Script----------------

11:38:29 INFO  : Memory regions updated for context APU
11:38:29 INFO  : Context for processor 'ps7_cortexa9_0' is selected.
11:38:29 INFO  : 'con' command is executed.
11:38:29 INFO  : ----------------XSDB Script (After Launch)----------------
targets -set -nocase -filter {name =~ "ARM*#0" && jtag_cable_name =~ "Digilent Zybo Z7 210351A82522A"} -index 0
con
----------------End of Script----------------

11:38:29 INFO  : Launch script is exported to file 'C:\Designs\komo\mikro_lab1\mikro_lab1.sdk\.sdk\launch_scripts\xilinx_c-c++_application_(system_debugger)\system_debugger_using_debug_lab1.elf_on_local.tcl'
11:39:14 INFO  : Disconnected from the channel tcfchan#15.
11:39:24 INFO  : 'targets -set -filter {jtag_cable_name =~ "Digilent Zybo Z7 210351A82522A" && level==0} -index 1' command is executed.
11:39:24 INFO  : 'fpga -state' command is executed.
11:39:24 INFO  : Connected to target on host '127.0.0.1' and port '3121'.
11:40:18 INFO  : Jtag cable 'Digilent Zybo Z7 210351A82522A' is selected.
11:40:18 INFO  : 'jtag frequency' command is executed.
11:40:18 INFO  : Sourcing of 'C:/Designs/komo/mikro_lab1/mikro_lab1.sdk/microprocessor_block_wrapper_hw_platform_0/ps7_init.tcl' is done.
11:40:18 INFO  : Context for 'APU' is selected.
11:40:19 INFO  : Hardware design information is loaded from 'C:/Designs/komo/mikro_lab1/mikro_lab1.sdk/microprocessor_block_wrapper_hw_platform_0/system.hdf'.
11:40:19 INFO  : 'configparams force-mem-access 1' command is executed.
11:40:19 INFO  : Context for 'APU' is selected.
11:40:19 INFO  : 'stop' command is executed.
11:40:19 INFO  : 'ps7_init' command is executed.
11:40:19 INFO  : 'ps7_post_config' command is executed.
11:40:19 INFO  : Context for processor 'ps7_cortexa9_0' is selected.
11:40:19 INFO  : Processor reset is completed for 'ps7_cortexa9_0'.
11:40:19 INFO  : Context for processor 'ps7_cortexa9_0' is selected.
11:40:20 INFO  : The application 'C:/Designs/komo/mikro_lab1/mikro_lab1.sdk/lab1/Debug/lab1.elf' is downloaded to processor 'ps7_cortexa9_0'.
11:40:20 INFO  : 'configparams force-mem-access 0' command is executed.
11:40:20 INFO  : ----------------XSDB Script----------------
connect -url tcp:127.0.0.1:3121
source C:/Designs/komo/mikro_lab1/mikro_lab1.sdk/microprocessor_block_wrapper_hw_platform_0/ps7_init.tcl
targets -set -nocase -filter {name =~"APU*" && jtag_cable_name =~ "Digilent Zybo Z7 210351A82522A"} -index 0
loadhw -hw C:/Designs/komo/mikro_lab1/mikro_lab1.sdk/microprocessor_block_wrapper_hw_platform_0/system.hdf -mem-ranges [list {0x40000000 0xbfffffff}]
configparams force-mem-access 1
targets -set -nocase -filter {name =~"APU*" && jtag_cable_name =~ "Digilent Zybo Z7 210351A82522A"} -index 0
stop
ps7_init
ps7_post_config
targets -set -nocase -filter {name =~ "ARM*#0" && jtag_cable_name =~ "Digilent Zybo Z7 210351A82522A"} -index 0
rst -processor
targets -set -nocase -filter {name =~ "ARM*#0" && jtag_cable_name =~ "Digilent Zybo Z7 210351A82522A"} -index 0
dow C:/Designs/komo/mikro_lab1/mikro_lab1.sdk/lab1/Debug/lab1.elf
configparams force-mem-access 0
----------------End of Script----------------

11:40:20 INFO  : Memory regions updated for context APU
11:40:20 INFO  : Context for processor 'ps7_cortexa9_0' is selected.
11:40:20 INFO  : 'con' command is executed.
11:40:20 INFO  : ----------------XSDB Script (After Launch)----------------
targets -set -nocase -filter {name =~ "ARM*#0" && jtag_cable_name =~ "Digilent Zybo Z7 210351A82522A"} -index 0
con
----------------End of Script----------------

11:40:20 INFO  : Launch script is exported to file 'C:\Designs\komo\mikro_lab1\mikro_lab1.sdk\.sdk\launch_scripts\xilinx_c-c++_application_(system_debugger)\system_debugger_using_debug_lab1.elf_on_local.tcl'
11:41:54 INFO  : Disconnected from the channel tcfchan#16.
11:42:04 INFO  : 'targets -set -filter {jtag_cable_name =~ "Digilent Zybo Z7 210351A82522A" && level==0} -index 1' command is executed.
11:42:04 INFO  : 'fpga -state' command is executed.
11:42:04 INFO  : Connected to target on host '127.0.0.1' and port '3121'.
11:42:58 INFO  : Jtag cable 'Digilent Zybo Z7 210351A82522A' is selected.
11:42:58 INFO  : 'jtag frequency' command is executed.
11:42:58 INFO  : Sourcing of 'C:/Designs/komo/mikro_lab1/mikro_lab1.sdk/microprocessor_block_wrapper_hw_platform_0/ps7_init.tcl' is done.
11:42:58 INFO  : Context for 'APU' is selected.
11:42:59 INFO  : Hardware design information is loaded from 'C:/Designs/komo/mikro_lab1/mikro_lab1.sdk/microprocessor_block_wrapper_hw_platform_0/system.hdf'.
11:42:59 INFO  : 'configparams force-mem-access 1' command is executed.
11:42:59 INFO  : Context for 'APU' is selected.
11:42:59 INFO  : 'stop' command is executed.
11:42:59 INFO  : 'ps7_init' command is executed.
11:42:59 INFO  : 'ps7_post_config' command is executed.
11:42:59 INFO  : Context for processor 'ps7_cortexa9_0' is selected.
11:42:59 INFO  : Processor reset is completed for 'ps7_cortexa9_0'.
11:42:59 INFO  : Context for processor 'ps7_cortexa9_0' is selected.
11:42:59 INFO  : The application 'C:/Designs/komo/mikro_lab1/mikro_lab1.sdk/lab1/Debug/lab1.elf' is downloaded to processor 'ps7_cortexa9_0'.
11:42:59 INFO  : 'configparams force-mem-access 0' command is executed.
11:42:59 INFO  : ----------------XSDB Script----------------
connect -url tcp:127.0.0.1:3121
source C:/Designs/komo/mikro_lab1/mikro_lab1.sdk/microprocessor_block_wrapper_hw_platform_0/ps7_init.tcl
targets -set -nocase -filter {name =~"APU*" && jtag_cable_name =~ "Digilent Zybo Z7 210351A82522A"} -index 0
loadhw -hw C:/Designs/komo/mikro_lab1/mikro_lab1.sdk/microprocessor_block_wrapper_hw_platform_0/system.hdf -mem-ranges [list {0x40000000 0xbfffffff}]
configparams force-mem-access 1
targets -set -nocase -filter {name =~"APU*" && jtag_cable_name =~ "Digilent Zybo Z7 210351A82522A"} -index 0
stop
ps7_init
ps7_post_config
targets -set -nocase -filter {name =~ "ARM*#0" && jtag_cable_name =~ "Digilent Zybo Z7 210351A82522A"} -index 0
rst -processor
targets -set -nocase -filter {name =~ "ARM*#0" && jtag_cable_name =~ "Digilent Zybo Z7 210351A82522A"} -index 0
dow C:/Designs/komo/mikro_lab1/mikro_lab1.sdk/lab1/Debug/lab1.elf
configparams force-mem-access 0
----------------End of Script----------------

11:42:59 INFO  : Memory regions updated for context APU
11:43:00 INFO  : Context for processor 'ps7_cortexa9_0' is selected.
11:43:00 INFO  : 'con' command is executed.
11:43:00 INFO  : ----------------XSDB Script (After Launch)----------------
targets -set -nocase -filter {name =~ "ARM*#0" && jtag_cable_name =~ "Digilent Zybo Z7 210351A82522A"} -index 0
con
----------------End of Script----------------

11:43:00 INFO  : Launch script is exported to file 'C:\Designs\komo\mikro_lab1\mikro_lab1.sdk\.sdk\launch_scripts\xilinx_c-c++_application_(system_debugger)\system_debugger_using_debug_lab1.elf_on_local.tcl'
11:45:28 INFO  : Disconnected from the channel tcfchan#17.
11:45:38 INFO  : 'targets -set -filter {jtag_cable_name =~ "Digilent Zybo Z7 210351A82522A" && level==0} -index 1' command is executed.
11:45:38 INFO  : 'fpga -state' command is executed.
11:45:38 INFO  : Connected to target on host '127.0.0.1' and port '3121'.
11:46:32 INFO  : Jtag cable 'Digilent Zybo Z7 210351A82522A' is selected.
11:46:32 INFO  : 'jtag frequency' command is executed.
11:46:32 INFO  : Sourcing of 'C:/Designs/komo/mikro_lab1/mikro_lab1.sdk/microprocessor_block_wrapper_hw_platform_0/ps7_init.tcl' is done.
11:46:32 INFO  : Context for 'APU' is selected.
11:46:33 INFO  : Hardware design information is loaded from 'C:/Designs/komo/mikro_lab1/mikro_lab1.sdk/microprocessor_block_wrapper_hw_platform_0/system.hdf'.
11:46:33 INFO  : 'configparams force-mem-access 1' command is executed.
11:46:33 INFO  : Context for 'APU' is selected.
11:46:33 INFO  : 'stop' command is executed.
11:46:33 ERROR : Memory read error at 0xF8000B60. Cannot access DAP: invalid ACK value: 3
11:46:33 INFO  : ----------------XSDB Script----------------
connect -url tcp:127.0.0.1:3121
source C:/Designs/komo/mikro_lab1/mikro_lab1.sdk/microprocessor_block_wrapper_hw_platform_0/ps7_init.tcl
targets -set -nocase -filter {name =~"APU*" && jtag_cable_name =~ "Digilent Zybo Z7 210351A82522A"} -index 0
loadhw -hw C:/Designs/komo/mikro_lab1/mikro_lab1.sdk/microprocessor_block_wrapper_hw_platform_0/system.hdf -mem-ranges [list {0x40000000 0xbfffffff}]
configparams force-mem-access 1
targets -set -nocase -filter {name =~"APU*" && jtag_cable_name =~ "Digilent Zybo Z7 210351A82522A"} -index 0
stop
ps7_init
----------------End of Script----------------

11:48:47 INFO  : 'targets -set -filter {jtag_cable_name =~ "Digilent Zybo Z7 210351A82522A" && level==0} -index 1' command is executed.
11:48:47 INFO  : 'fpga -state' command is executed.
11:49:30 INFO  : Connected to target on host '127.0.0.1' and port '3121'.
