Copyright 1986-2019 Xilinx, Inc. All Rights Reserved.
---------------------------------------------------------------------------------------------------------
| Tool Version : Vivado v.2019.1 (win64) Build 2552052 Fri May 24 14:49:42 MDT 2019
| Date         : Mon Oct  6 10:30:34 2025
| Host         : fpgalab205 running 64-bit major release  (build 9200)
| Command      : report_control_sets -verbose -file microprocessor_block_wrapper_control_sets_placed.rpt
| Design       : microprocessor_block_wrapper
| Device       : xc7z020
---------------------------------------------------------------------------------------------------------

Control Set Information

Table of Contents
-----------------
1. Summary
2. Histogram
3. Flip-Flop Distribution
4. Detailed Control Set Information

1. Summary
----------

+----------------------------------------------------------+-------+
|                          Status                          | Count |
+----------------------------------------------------------+-------+
| Total control sets                                       |    46 |
|    Minimum number of control sets                        |    46 |
|    Addition due to synthesis replication                 |     0 |
|    Addition due to physical synthesis replication        |     0 |
| Unused register locations in slices containing registers |   131 |
+----------------------------------------------------------+-------+
* Control sets can be merged at opt_design using control_set_merge or merge_equivalent_drivers
** Run report_qor_suggestions for automated merging and remapping suggestions


2. Histogram
------------

+--------------------+-------+
|       Fanout       | Count |
+--------------------+-------+
| Total control sets |    46 |
| >= 0 to < 4        |     5 |
| >= 4 to < 6        |     9 |
| >= 6 to < 8        |     3 |
| >= 8 to < 10       |     7 |
| >= 10 to < 12      |     3 |
| >= 12 to < 14      |     1 |
| >= 14 to < 16      |     2 |
| >= 16              |    16 |
+--------------------+-------+
* Control sets can be remapped at either synth_design or opt_design


3. Flip-Flop Distribution
-------------------------

+--------------+-----------------------+------------------------+-----------------+--------------+
| Clock Enable | Synchronous Set/Reset | Asynchronous Set/Reset | Total Registers | Total Slices |
+--------------+-----------------------+------------------------+-----------------+--------------+
| No           | No                    | No                     |             125 |           41 |
| No           | No                    | Yes                    |               0 |            0 |
| No           | Yes                   | No                     |              54 |           22 |
| Yes          | No                    | No                     |             296 |           71 |
| Yes          | No                    | Yes                    |               0 |            0 |
| Yes          | Yes                   | No                     |             226 |           86 |
+--------------+-----------------------+------------------------+-----------------+--------------+


4. Detailed Control Set Information
-----------------------------------

+-------------------------------------------------------------+----------------------------------------------------------------------------------------------------------------------------------------------------------------------------+-------------------------------------------------------------------------------------------------------------------------------------------------------------------+------------------+----------------+
|                         Clock Signal                        |                                                                                Enable Signal                                                                               |                                                                          Set/Reset Signal                                                                         | Slice Load Count | Bel Load Count |
+-------------------------------------------------------------+----------------------------------------------------------------------------------------------------------------------------------------------------------------------------+-------------------------------------------------------------------------------------------------------------------------------------------------------------------+------------------+----------------+
|  microprocessor_block_i/processing_system7_0/inst/FCLK_CLK0 |                                                                                                                                                                            | microprocessor_block_i/axi_timer_0/U0/TC_CORE_I/TIMER_CONTROL_I/R_0                                                                                               |                1 |              1 |
|  microprocessor_block_i/processing_system7_0/inst/FCLK_CLK0 |                                                                                                                                                                            | microprocessor_block_i/axi_timer_0/U0/AXI4_LITE_I/I_SLAVE_ATTACHMENT/I_DECODER/GEN_BKEND_CE_REGISTERS[0].ce_out_i_reg[0]_0                                        |                1 |              1 |
|  microprocessor_block_i/processing_system7_0/inst/FCLK_CLK0 |                                                                                                                                                                            | microprocessor_block_i/axi_timer_0/U0/AXI4_LITE_I/I_SLAVE_ATTACHMENT/I_DECODER/GEN_BKEND_CE_REGISTERS[4].ce_out_i_reg[4]_0                                        |                1 |              1 |
|  microprocessor_block_i/processing_system7_0/inst/FCLK_CLK0 |                                                                                                                                                                            | microprocessor_block_i/axi_timer_0/U0/TC_CORE_I/TIMER_CONTROL_I/READ_DONE1_I_i_1_n_0                                                                              |                1 |              1 |
|  microprocessor_block_i/processing_system7_0/inst/FCLK_CLK0 | microprocessor_block_i/ps7_0_axi_periph/s00_couplers/auto_pc/inst/gen_axilite.gen_b2s_conv.axilite_b2s/WR.b_channel_0/bid_fifo_0/bresp_push                                |                                                                                                                                                                   |                1 |              2 |
|  microprocessor_block_i/processing_system7_0/inst/FCLK_CLK0 |                                                                                                                                                                            | microprocessor_block_i/ps7_0_axi_periph/s00_couplers/auto_pc/inst/gen_axilite.gen_b2s_conv.axilite_b2s/SI_REG/ar.ar_pipe/aresetn_d_reg[1]_inv_0                   |                2 |              4 |
|  microprocessor_block_i/processing_system7_0/inst/FCLK_CLK0 |                                                                                                                                                                            | microprocessor_block_i/rst_ps7_0_50M/U0/EXT_LPF/lpf_int                                                                                                           |                2 |              4 |
|  microprocessor_block_i/processing_system7_0/inst/FCLK_CLK0 | microprocessor_block_i/axi_timer_0/U0/AXI4_LITE_I/I_SLAVE_ATTACHMENT/bus2ip_addr_i[4]_i_1_n_0                                                                              | microprocessor_block_i/axi_timer_0/U0/AXI4_LITE_I/I_SLAVE_ATTACHMENT/rst                                                                                          |                1 |              4 |
|  microprocessor_block_i/processing_system7_0/inst/FCLK_CLK0 |                                                                                                                                                                            | microprocessor_block_i/ps7_0_axi_periph/s00_couplers/auto_pc/inst/gen_axilite.gen_b2s_conv.axilite_b2s/SI_REG/aw.aw_pipe/aresetn_d_reg[0]_0                       |                2 |              4 |
|  microprocessor_block_i/processing_system7_0/inst/FCLK_CLK0 | microprocessor_block_i/axi_timer_0/U0/AXI4_LITE_I/I_SLAVE_ATTACHMENT/I_DECODER/pair0_Select                                                                                | microprocessor_block_i/axi_timer_0/U0/TC_CORE_I/GEN_SECOND_TIMER.COUNTER_1_I/COUNTER_I/s_axi_aresetn_0                                                            |                1 |              4 |
|  microprocessor_block_i/processing_system7_0/inst/FCLK_CLK0 | microprocessor_block_i/ps7_0_axi_periph/s00_couplers/auto_pc/inst/gen_axilite.gen_b2s_conv.axilite_b2s/WR.aw_channel_0/aw_cmd_fsm_0/m_valid_i_reg_0                        | microprocessor_block_i/ps7_0_axi_periph/s00_couplers/auto_pc/inst/gen_axilite.gen_b2s_conv.axilite_b2s/WR.aw_channel_0/aw_cmd_fsm_0/m_valid_i_reg                 |                2 |              5 |
|  microprocessor_block_i/processing_system7_0/inst/FCLK_CLK0 | microprocessor_block_i/ps7_0_axi_periph/s00_couplers/auto_pc/inst/gen_axilite.gen_b2s_conv.axilite_b2s/RD.ar_channel_0/ar_cmd_fsm_0/m_axi_arready_0                        | microprocessor_block_i/ps7_0_axi_periph/s00_couplers/auto_pc/inst/gen_axilite.gen_b2s_conv.axilite_b2s/RD.ar_channel_0/ar_cmd_fsm_0/FSM_sequential_state_reg[1]_0 |                3 |              5 |
|  microprocessor_block_i/processing_system7_0/inst/FCLK_CLK0 | microprocessor_block_i/ps7_0_axi_periph/s00_couplers/auto_pc/inst/gen_axilite.gen_b2s_conv.axilite_b2s/RD.r_channel_0/transaction_fifo_0/E[0]                              | microprocessor_block_i/ps7_0_axi_periph/s00_couplers/auto_pc/inst/gen_axilite.gen_b2s_conv.axilite_b2s/areset_d1                                                  |                2 |              5 |
|  microprocessor_block_i/processing_system7_0/inst/FCLK_CLK0 | microprocessor_block_i/ps7_0_axi_periph/s00_couplers/auto_pc/inst/gen_axilite.gen_b2s_conv.axilite_b2s/RD.r_channel_0/transaction_fifo_0/cnt_read[4]_i_1__0_n_0            | microprocessor_block_i/ps7_0_axi_periph/s00_couplers/auto_pc/inst/gen_axilite.gen_b2s_conv.axilite_b2s/areset_d1                                                  |                2 |              5 |
|  microprocessor_block_i/processing_system7_0/inst/FCLK_CLK0 |                                                                                                                                                                            | microprocessor_block_i/axi_timer_0/U0/AXI4_LITE_I/I_SLAVE_ATTACHMENT/INCLUDE_DPHASE_TIMER.dpto_cnt[5]_i_1_n_0                                                     |                2 |              6 |
|  microprocessor_block_i/processing_system7_0/inst/FCLK_CLK0 | microprocessor_block_i/rst_ps7_0_50M/U0/SEQ/seq_cnt_en                                                                                                                     | microprocessor_block_i/rst_ps7_0_50M/U0/SEQ/SEQ_COUNTER/clear                                                                                                     |                1 |              6 |
|  microprocessor_block_i/processing_system7_0/inst/FCLK_CLK0 | microprocessor_block_i/axi_timer_0/U0/AXI4_LITE_I/I_SLAVE_ATTACHMENT/start2                                                                                                | microprocessor_block_i/axi_timer_0/U0/AXI4_LITE_I/I_SLAVE_ATTACHMENT/I_DECODER/cs_ce_clr                                                                          |                2 |              7 |
|  microprocessor_block_i/processing_system7_0/inst/FCLK_CLK0 | microprocessor_block_i/ps7_0_axi_periph/s00_couplers/auto_pc/inst/gen_axilite.gen_b2s_conv.axilite_b2s/WR.b_channel_0/mhandshake_r                                         | microprocessor_block_i/ps7_0_axi_periph/s00_couplers/auto_pc/inst/gen_axilite.gen_b2s_conv.axilite_b2s/WR.b_channel_0/bid_fifo_0/SR[0]                            |                3 |              8 |
|  microprocessor_block_i/processing_system7_0/inst/FCLK_CLK0 | microprocessor_block_i/ps7_0_axi_periph/s00_couplers/auto_pc/inst/gen_axilite.gen_b2s_conv.axilite_b2s/WR.aw_channel_0/aw_cmd_fsm_0/E[0]                                   |                                                                                                                                                                   |                3 |              8 |
|  microprocessor_block_i/processing_system7_0/inst/FCLK_CLK0 | microprocessor_block_i/ps7_0_axi_periph/s00_couplers/auto_pc/inst/gen_axilite.gen_b2s_conv.axilite_b2s/WR.aw_channel_0/cmd_translator_0/incr_cmd_0/axaddr_incr[11]_i_1_n_0 |                                                                                                                                                                   |                2 |              8 |
|  microprocessor_block_i/processing_system7_0/inst/FCLK_CLK0 | microprocessor_block_i/axi_timer_0/U0/AXI4_LITE_I/I_SLAVE_ATTACHMENT/I_DECODER/bus2ip_wrce[0]                                                                              | microprocessor_block_i/axi_timer_0/U0/TC_CORE_I/GEN_SECOND_TIMER.COUNTER_1_I/COUNTER_I/s_axi_aresetn_0                                                            |                2 |              8 |
|  microprocessor_block_i/processing_system7_0/inst/FCLK_CLK0 | microprocessor_block_i/ps7_0_axi_periph/s00_couplers/auto_pc/inst/gen_axilite.gen_b2s_conv.axilite_b2s/RD.ar_channel_0/ar_cmd_fsm_0/E[0]                                   |                                                                                                                                                                   |                4 |              8 |
|  microprocessor_block_i/processing_system7_0/inst/FCLK_CLK0 | microprocessor_block_i/ps7_0_axi_periph/s00_couplers/auto_pc/inst/gen_axilite.gen_b2s_conv.axilite_b2s/RD.ar_channel_0/ar_cmd_fsm_0/sel_first_reg[0]                       |                                                                                                                                                                   |                2 |              8 |
|  microprocessor_block_i/processing_system7_0/inst/FCLK_CLK0 | microprocessor_block_i/axi_timer_0/U0/AXI4_LITE_I/I_SLAVE_ATTACHMENT/I_DECODER/bus2ip_wrce[1]                                                                              | microprocessor_block_i/axi_timer_0/U0/TC_CORE_I/GEN_SECOND_TIMER.COUNTER_1_I/COUNTER_I/s_axi_aresetn_0                                                            |                4 |              9 |
|  microprocessor_block_i/processing_system7_0/inst/FCLK_CLK0 |                                                                                                                                                                            | microprocessor_block_i/ps7_0_axi_periph/s00_couplers/auto_pc/inst/gen_axilite.gen_b2s_conv.axilite_b2s/areset_d1                                                  |                4 |             10 |
|  microprocessor_block_i/processing_system7_0/inst/FCLK_CLK0 |                                                                                                                                                                            | microprocessor_block_i/axi_timer_0/U0/AXI4_LITE_I/I_SLAVE_ATTACHMENT/rst                                                                                          |                4 |             11 |
|  microprocessor_block_i/processing_system7_0/inst/FCLK_CLK0 |                                                                                                                                                                            | microprocessor_block_i/axi_timer_0/U0/TC_CORE_I/GEN_SECOND_TIMER.COUNTER_1_I/COUNTER_I/s_axi_aresetn_0                                                            |                2 |             11 |
|  microprocessor_block_i/processing_system7_0/inst/FCLK_CLK0 | microprocessor_block_i/ps7_0_axi_periph/s00_couplers/auto_pc/inst/gen_axilite.gen_b2s_conv.axilite_b2s/RD.r_channel_0/r_push_r                                             |                                                                                                                                                                   |                4 |             13 |
|  microprocessor_block_i/processing_system7_0/inst/FCLK_CLK0 | microprocessor_block_i/ps7_0_axi_periph/s00_couplers/auto_pc/inst/gen_axilite.gen_b2s_conv.axilite_b2s/SI_REG/b.b_pipe/p_1_in                                              |                                                                                                                                                                   |                2 |             14 |
|  microprocessor_block_i/processing_system7_0/inst/FCLK_CLK0 | microprocessor_block_i/ps7_0_axi_periph/s00_couplers/auto_pc/inst/gen_axilite.gen_b2s_conv.axilite_b2s/SI_REG/b.b_pipe/s_ready_i_reg_0                                     |                                                                                                                                                                   |                3 |             14 |
|  microprocessor_block_i/processing_system7_0/inst/FCLK_CLK0 | microprocessor_block_i/ps7_0_axi_periph/s00_couplers/auto_pc/inst/gen_axilite.gen_b2s_conv.axilite_b2s/WR.aw_channel_0/aw_cmd_fsm_0/b_push                                 |                                                                                                                                                                   |                3 |             16 |
|  microprocessor_block_i/processing_system7_0/inst/FCLK_CLK0 | microprocessor_block_i/ps7_0_axi_periph/s00_couplers/auto_pc/inst/gen_axilite.gen_b2s_conv.axilite_b2s/WR.aw_channel_0/aw_cmd_fsm_0/m_valid_i_reg_0                        |                                                                                                                                                                   |                6 |             17 |
|  microprocessor_block_i/processing_system7_0/inst/FCLK_CLK0 | microprocessor_block_i/ps7_0_axi_periph/s00_couplers/auto_pc/inst/gen_axilite.gen_b2s_conv.axilite_b2s/RD.ar_channel_0/ar_cmd_fsm_0/m_axi_arready_0                        |                                                                                                                                                                   |                7 |             17 |
|  microprocessor_block_i/processing_system7_0/inst/FCLK_CLK0 | microprocessor_block_i/ps7_0_axi_periph/s00_couplers/auto_pc/inst/gen_axilite.gen_b2s_conv.axilite_b2s/WR.aw_channel_0/aw_cmd_fsm_0/m_valid_i_reg_1[0]                     |                                                                                                                                                                   |                4 |             28 |
|  microprocessor_block_i/processing_system7_0/inst/FCLK_CLK0 | microprocessor_block_i/ps7_0_axi_periph/s00_couplers/auto_pc/inst/gen_axilite.gen_b2s_conv.axilite_b2s/SI_REG/aw.aw_pipe/s_ready_i_reg_0                                   |                                                                                                                                                                   |                6 |             28 |
|  microprocessor_block_i/processing_system7_0/inst/FCLK_CLK0 | microprocessor_block_i/ps7_0_axi_periph/s00_couplers/auto_pc/inst/gen_axilite.gen_b2s_conv.axilite_b2s/SI_REG/ar.ar_pipe/s_ready_i_reg_0                                   |                                                                                                                                                                   |                8 |             28 |
|  microprocessor_block_i/processing_system7_0/inst/FCLK_CLK0 | microprocessor_block_i/ps7_0_axi_periph/s00_couplers/auto_pc/inst/gen_axilite.gen_b2s_conv.axilite_b2s/RD.ar_channel_0/ar_cmd_fsm_0/FSM_sequential_state_reg[1]_1[0]       |                                                                                                                                                                   |                7 |             28 |
|  microprocessor_block_i/processing_system7_0/inst/FCLK_CLK0 | microprocessor_block_i/axi_timer_0/U0/TC_CORE_I/TIMER_CONTROL_I/INPUT_DOUBLE_REGS3/TCSR0_GENERATE[20].TCSR0_FF_I                                                           | microprocessor_block_i/axi_timer_0/U0/TC_CORE_I/GEN_SECOND_TIMER.COUNTER_1_I/COUNTER_I/s_axi_aresetn_0                                                            |                5 |             32 |
|  microprocessor_block_i/processing_system7_0/inst/FCLK_CLK0 | microprocessor_block_i/axi_timer_0/U0/TC_CORE_I/TIMER_CONTROL_I/INPUT_DOUBLE_REGS3/generateOutPre0_reg                                                                     | microprocessor_block_i/axi_timer_0/U0/TC_CORE_I/GEN_SECOND_TIMER.COUNTER_1_I/COUNTER_I/s_axi_aresetn_0                                                            |                5 |             32 |
|  microprocessor_block_i/processing_system7_0/inst/FCLK_CLK0 | microprocessor_block_i/axi_timer_0/U0/TC_CORE_I/TIMER_CONTROL_I/CE                                                                                                         | microprocessor_block_i/axi_timer_0/U0/TC_CORE_I/GEN_SECOND_TIMER.COUNTER_1_I/COUNTER_I/s_axi_aresetn_0                                                            |                9 |             32 |
|  microprocessor_block_i/processing_system7_0/inst/FCLK_CLK0 | microprocessor_block_i/axi_timer_0/U0/AXI4_LITE_I/I_SLAVE_ATTACHMENT/s_axi_rresp_i                                                                                         | microprocessor_block_i/axi_timer_0/U0/AXI4_LITE_I/I_SLAVE_ATTACHMENT/rst                                                                                          |               32 |             32 |
|  microprocessor_block_i/processing_system7_0/inst/FCLK_CLK0 | microprocessor_block_i/axi_timer_0/U0/TC_CORE_I/TIMER_CONTROL_I/CE_0                                                                                                       | microprocessor_block_i/axi_timer_0/U0/TC_CORE_I/GEN_SECOND_TIMER.COUNTER_1_I/COUNTER_I/s_axi_aresetn_0                                                            |               12 |             32 |
|  microprocessor_block_i/processing_system7_0/inst/FCLK_CLK0 | microprocessor_block_i/ps7_0_axi_periph/s00_couplers/auto_pc/inst/gen_axilite.gen_b2s_conv.axilite_b2s/RD.r_channel_0/rd_data_fifo_0/wr_en0                                |                                                                                                                                                                   |                9 |             32 |
|  microprocessor_block_i/processing_system7_0/inst/FCLK_CLK0 | microprocessor_block_i/ps7_0_axi_periph/s00_couplers/auto_pc/inst/gen_axilite.gen_b2s_conv.axilite_b2s/SI_REG/r.r_pipe/p_1_in                                              |                                                                                                                                                                   |                8 |             45 |
|  microprocessor_block_i/processing_system7_0/inst/FCLK_CLK0 | microprocessor_block_i/ps7_0_axi_periph/s00_couplers/auto_pc/inst/gen_axilite.gen_b2s_conv.axilite_b2s/SI_REG/r.r_pipe/s_ready_i_reg_0                                     |                                                                                                                                                                   |                9 |             45 |
|  microprocessor_block_i/processing_system7_0/inst/FCLK_CLK0 |                                                                                                                                                                            |                                                                                                                                                                   |               42 |            126 |
+-------------------------------------------------------------+----------------------------------------------------------------------------------------------------------------------------------------------------------------------------+-------------------------------------------------------------------------------------------------------------------------------------------------------------------+------------------+----------------+


